Aqua Orb +6
Aqua Orb +4
Ruined Train Card
Ruined Train Card
Ruined Train Card
Ruined Train Card
Ice Stone,(Character Attribution)
Earth Stone,(Character Attribution)
Wind Stone,(Character Attribution)
Fire Stone,(Character Attribution)
Extreme Core (Lv. 8)
Extreme Core (Lv. 8)
Extreme Core (Lv. 8)
Extreme Core (Lv. 8)
Extreme Core (Lv. 8)
Archridium Epaulet of Sage
Astral Bikecard - Type: RW3 of Resistance +15 (Blue),Extreme Upgrade (0 / 3)
Palladium Boots(FA) of Outrageous +18,Extreme Upgrade (1 / 6),Upgrade Divine Level (4 / 15)
Costume Option Scroll-Critical DMG
Costume Option Scroll-Critical Rate
Costume Option Scroll-Resist Critical Rate
Carnelian +11
Earring of Guard +9
Earring of Guard +9
Minesta's Chaos Sage Belt +12
Extreme Core (Lv. 9)
Extreme Core (Lv. 9)
Bike Option Scroll (High)-Resist Skill Amp
Bike Option Scroll (High)-Random
Bike Option Scroll (Medium)-Resist Critical Damage
Bike Option Scroll (Medium)-Attack
Bike Option Scroll (Medium)-Resist Skill Amp
Bike Option Scroll (Medium)-Random
Palladium Headgear(FA) of Annihilation +17 (Expand),(Accounts Belonging),(Sealed),Extreme Upgrade (3 / 6),Upgrade Divine Level (4 / 15)
Potion of Luck: 1081009142 Alz
Astral Bike Card - PW5 of Penetration +17 (Perm. Dark Red),Extreme Upgrade (4 / 5)
Material Core (Bike)
Chaos Core
Chaos Core
Chaos Core
Chaos Core
Chaos Core
Chaos Core
Chaos Core
Chaos Core
Chaos Core
Chaos Core
Chaos Core
Chaos Core
Chaos Core
Chaos Core
Chaos Core
Chaos Core
Chaos Core
Chaos Core
Chaos Core
Chaos Core
Chaos Core
Chaos Core
Chaos Core
Chaos Core
Chaos Core
Chaos Core
Chaos Core
Chaos Core
Chaos Core
Chaos Core
Chaos Core
Chaos Core
Chaos Core
Chaos Core
Chaos Core
Chaos Core
Chaos Core
Chaos Core
Chaos Core
Chaos Core
Chaos Core
Chaos Core
Chaos Core
Chaos Core
Chaos Core
Chaos Core
Chaos Core
Chaos Core
Chaos Core
Chaos Core
Chaos Core
Chaos Core
Chaos Core
Chaos Core
Chaos Core
Chaos Core
Chaos Core
Chaos Core
Chaos Core
Chaos Core
Chaos Core
Chaos Core
Chaos Core
Chaos Core
Chaos Core
Chaos Core
Chaos Core
Chaos Core
Chaos Core
Chaos Core
Chaos Core
Chaos Core
Chaos Core
Chaos Core
Chaos Core
Chaos Core
Chaos Core
Chaos Core
Chaos Core
Chaos Core
Chaos Core
Chaos Core
Chaos Core
Chaos Core
Chaos Core
Chaos Core
Chaos Core
Chaos Core
Chaos Core
Chaos Core
Chaos Core
Chaos Core
Chaos Core
Chaos Core
Chaos Core
Chaos Core
Chaos Core
Chaos Core
Chaos Core
Chaos Core
Chaos Core
Chaos Core
Chaos Core
Chaos Core
Chaos Core
Chaos Core
Chaos Core
Chaos Core
Chaos Core
Chaos Core
Chaos Core
Chaos Core
Chaos Core
Chaos Core
Chaos Core
Chaos Core
Chaos Core
Chaos Core
Chaos Core
Chaos Core
Chaos Core
Chaos Core
Chaos Core
Chaos Core
Chaos Core
Chaos Core
Chaos Core
Chaos Core
Chaos Core
Chaos Core
Chaos Core
Chaos Core
Chaos Core
Chaos Core
Chaos Core
Chaos Core
Chaos Core
Chaos Core
Chaos Core
Chaos Core
Chaos Core
Chaos Core
Chaos Core
Chaos Core
Chaos Core
Chaos Core
Chaos Core
Chaos Core
Chaos Core
Chaos Core
Chaos Core
Chaos Core
Chaos Core
Chaos Core
Chaos Core
Chaos Core
Chaos Core
Chaos Core
Chaos Core
Chaos Core
Chaos Core
Chaos Core
Chaos Core
Chaos Core
Chaos Core
Chaos Core
Chaos Core
Chaos Core
Chaos Core
Chaos Core
Chaos Core
Chaos Core
Chaos Core
Chaos Core
Chaos Core
Chaos Core
Chaos Core
Chaos Core
Chaos Core
Chaos Core
Chaos Core
Chaos Core
Chaos Core
Chaos Core
Chaos Core
Chaos Core
Chaos Core
Chaos Core
Chaos Core
Chaos Core
Chaos Core
Chaos Core
Chaos Core
Chaos Core
Chaos Core
Chaos Core
Chaos Core
Chaos Core
Chaos Core
Chaos Core
Chaos Core
Chaos Core
Chaos Core
Chaos Core
Chaos Core
Chaos Core
Chaos Core
Chaos Core
Chaos Core
Chaos Core
Chaos Core
Chaos Core
Chaos Core
Chaos Core
Chaos Core
Chaos Core
Chaos Core
Chaos Core
Chaos Core
Chaos Core
Chaos Core
Chaos Core
Chaos Core
Chaos Core
Chaos Core
Chaos Core
Chaos Core
Chaos Core
Chaos Core
Chaos Core
Chaos Core
Chaos Core
Chaos Core
Chaos Core
Chaos Core
Chaos Core
Chaos Core
Chaos Core
Chaos Core
Chaos Core
Chaos Core
Chaos Core
Chaos Core
Chaos Core
Chaos Core
Chaos Core
Chaos Core
Chaos Core
Chaos Core
Chaos Core
Chaos Core
Chaos Core
Chaos Core
Chaos Core
Chaos Core
Chaos Core
Chaos Core
Chaos Core
Chaos Core
Chaos Core
Chaos Core
Chaos Core
Chaos Core
Chaos Core
Chaos Core
Chaos Core
Chaos Core
Chaos Core
Chaos Core
Chaos Core
Chaos Core
Chaos Core
Orb of Destruction
Orb of Ruin
Orb of Wind
Orb of Earth
Orb of Ice
Orb of Fire
Mercenary Card Piece - Elena
Material Core (Bike)
Baldus Token
Chaos Core
Chaos Core
Chaos Core
Chaos Core
Chaos Core
Chaos Core
Chaos Core
Chaos Core
Chaos Core
Chaos Core
Chaos Core
Chaos Core
Chaos Core
Chaos Core
Chaos Core
Chaos Core
Chaos Core
Chaos Core
Chaos Core
Chaos Core
Chaos Core
Chaos Core
Chaos Core
Chaos Core
Chaos Core
Chaos Core
Chaos Core
Chaos Core
Chaos Core
Chaos Core
Chaos Core
Chaos Core
Chaos Core
Chaos Core
Chaos Core
Chaos Core
Chaos Core
Chaos Core
Chaos Core
Chaos Core
Chaos Core
Chaos Core
Chaos Core
Chaos Core
Chaos Core
Chaos Core
Chaos Core
Chaos Core
Chaos Core
Chaos Core
Chaos Core
Chaos Core
Chaos Core
Chaos Core
Chaos Core
Chaos Core
Chaos Core
Chaos Core
Chaos Core
Chaos Core
Chaos Core
Chaos Core
Chaos Core
Chaos Core
Chaos Core
Chaos Core
Chaos Core
Chaos Core
Chaos Core
Chaos Core
Chaos Core
Chaos Core
Chaos Core
Chaos Core
Chaos Core
Chaos Core
Chaos Core
Chaos Core
Chaos Core
Chaos Core
Chaos Core
Chaos Core
Chaos Core
Chaos Core
Chaos Core
Chaos Core
Chaos Core
Chaos Core
Chaos Core
Chaos Core
Chaos Core
Chaos Core
Chaos Core
Chaos Core
Chaos Core
Chaos Core
Chaos Core
Chaos Core
Chaos Core
Chaos Core
Chaos Core
Chaos Core
Chaos Core
Chaos Core
Chaos Core
Chaos Core
Chaos Core
Chaos Core
Chaos Core
Chaos Core
Chaos Core
Chaos Core
Chaos Core
Chaos Core
Chaos Core
Chaos Core
Chaos Core
Chaos Core
Chaos Core
Chaos Core
Chaos Core
Chaos Core
Chaos Core
Chaos Core
Chaos Core
Chaos Core
Chaos Core
Chaos Core
Chaos Core
Chaos Core
Chaos Core
Chaos Core
Chaos Core
Chaos Core
Chaos Core
Chaos Core
Chaos Core
Chaos Core
Chaos Core
Chaos Core
Chaos Core
Chaos Core
Chaos Core
Chaos Core
Chaos Core
Chaos Core
Chaos Core
Chaos Core
Chaos Core
Chaos Core
Chaos Core
Chaos Core
Chaos Core
Chaos Core
Chaos Core
Chaos Core
Chaos Core
Chaos Core
Chaos Core
Chaos Core
Chaos Core
Chaos Core
Chaos Core
Chaos Core
Chaos Core
Chaos Core
Chaos Core
Chaos Core
Chaos Core
Chaos Core
Chaos Core
Chaos Core
Chaos Core
Chaos Core
Chaos Core
Chaos Core
Chaos Core
Chaos Core
Chaos Core
Chaos Core
Chaos Core
Chaos Core
Chaos Core
Chaos Core
Chaos Core
Chaos Core
Chaos Core
Chaos Core
Chaos Core
Chaos Core
Chaos Core
Chaos Core
Chaos Core
Siena's Bracelet,(Character Attribution)
Siena's Bracelet,(Character Attribution)
Siena's Bracelet,(Character Attribution)
Siena's Bracelet,(Character Attribution)
Siena's Bracelet,(Character Attribution)
Siena's Bracelet,(Character Attribution)
Siena's Bracelet,(Character Attribution)
Critical Ring +2
Chaos Core
Chaos Core
Chaos Core
Chaos Core
Chaos Core
Potion of Luck: 28002627 Alz
Piece of Prideus' Bracelet
Palladium Shoes(BL) of Outrageous +16,Extreme Upgrade (0 / 6),Upgrade Divine Level (10 / 15)
CABAL Gift Voucher (Bronze)
CABAL Gift Voucher (Bronze)
CABAL Gift Voucher (Bronze)
CABAL Gift Voucher (Bronze)
Palladium Shoes(BL) of Outrageous +16,Extreme Upgrade (1 / 6),Upgrade Divine Level (10 / 15)
Extreme Core (Lv. 8)
Potion of Luck: 37838000 Alz
Carnelian +6,(Accounts Belonging)
Carnelian +4,(Accounts Belonging)
Carnelian +4,(Accounts Belonging)
Carnelian +4,(Accounts Belonging)
Carnelian,(Accounts Belonging)
Carnelian,(Accounts Belonging)
Carnelian +8,(Accounts Belonging)
Arcana of Laws,(Accounts Belonging)
Arcana of Laws +2,(Accounts Belonging)
Arcana of Laws +2,(Accounts Belonging)
Machinery Head
Mirror of Observation (Bronze),(Accounts Belonging)
Mirror of Observation (Bronze),(Accounts Belonging)
Mirror of Observation (Bronze),(Accounts Belonging)
Mirror of Observation (Bronze),(Accounts Belonging)
Mirror of Observation (Bronze),(Accounts Belonging)
Mirror of Observation (Bronze),(Accounts Belonging)
Mirror of Observation (Bronze),(Accounts Belonging)
Mirror of Observation (Bronze),(Accounts Belonging)
Mirror of Observation (Bronze),(Accounts Belonging)
Arcana of Laws +2,(Accounts Belonging)
Arcana of Laws +2,(Accounts Belonging)
Arcana of Laws +2,(Accounts Belonging)
Arcana of Laws,(Accounts Belonging)
Arcana of Laws,(Accounts Belonging)
Arcana of Laws,(Accounts Belonging)
Arcana of Laws,(Accounts Belonging)
Arcana of Laws,(Accounts Belonging)
Arcana of Laws,(Accounts Belonging)
Arcana of Laws,(Accounts Belonging)
Carnelian,(Accounts Belonging)
Carnelian,(Accounts Belonging)
Carnelian,(Accounts Belonging)
Carnelian,(Accounts Belonging)
Carnelian,(Accounts Belonging)
Mirror of Observation (Silver),(Accounts Belonging)
Mirror of Observation (Silver),(Accounts Belonging)
Mirror of Observation (Silver),(Accounts Belonging)
Bronze Repair Kit,(Accounts Belonging)
Bronze Repair Kit,(Accounts Belonging)
Divine Seal Stone:High Suit (4/15),(Accounts Belonging)
Carnelian +6,(Accounts Belonging)
Carnelian +6,(Accounts Belonging)
Carnelian +6,(Accounts Belonging)
Carnelian +6,(Accounts Belonging)
Carnelian +6,(Accounts Belonging)
Carnelian +2,(Accounts Belonging)
Carnelian +2,(Accounts Belonging)
Carnelian +2,(Accounts Belonging)
Carnelian +2,(Accounts Belonging)
Carnelian +2,(Accounts Belonging)
Epaulet of the Dead (B2F) Part1
Epaulet of the Dead (B2F) Part1
Epaulet of the Dead (B2F) Part1
Arcana of Laws +2,(Accounts Belonging)
Arcana of Laws +2,(Accounts Belonging)
Arcana of Laws +2,(Accounts Belonging)
Arcana of Laws +2,(Accounts Belonging)
Carnelian +4,(Accounts Belonging)
Carnelian +4,(Accounts Belonging)
Carnelian +4,(Accounts Belonging)
Carnelian +4,(Accounts Belonging)
Carnelian +4,(Accounts Belonging)
Carnelian +4,(Accounts Belonging)
Carnelian +4,(Accounts Belonging)
Carnelian +4,(Accounts Belonging)
Carnelian +4,(Accounts Belonging)
Carnelian +4,(Accounts Belonging)
Carnelian +4,(Accounts Belonging)
Carnelian +4,(Accounts Belonging)
Carnelian +4,(Accounts Belonging)
Carnelian +4,(Accounts Belonging)
Carnelian +4,(Accounts Belonging)
Carnelian +4,(Accounts Belonging)
Carnelian +4,(Accounts Belonging)
Carnelian +4,(Accounts Belonging)
Carnelian +4,(Accounts Belonging)
Carnelian +4,(Accounts Belonging)
Carnelian +4,(Accounts Belonging)
Carnelian +4,(Accounts Belonging)
Carnelian +4,(Accounts Belonging)
Carnelian +4,(Accounts Belonging)
Epaulet of the Dead B3F (Part2),(Accounts Belonging)
Arcana of Laws +4,(Accounts Belonging)
Arcana of Laws +4,(Accounts Belonging)
Arcana of Laws +4,(Accounts Belonging)
Arcana of Laws +4,(Accounts Belonging)
