Agent Shop
2018/01/11	21:30:06	Agent Shop	Sell	Upgrade Core (Medium)	To Char:	112001184	Price:	754553	Count:	20	
2018/01/11	21:09:44	Agent Shop	Sell	Upgrade Core (Medium)	To Char:	83719572	Price:	754553	Count:	4	
2018/01/11	21:10:04	Agent Shop	Sell	Upgrade Core (Medium)	To Char:	83719572	Price:	754553	Count:	1	
2018/01/11	21:10:07	Agent Shop	Sell	Upgrade Core (Medium)	To Char:	83719572	Price:	754553	Count:	4	
2018/01/11	22:41:38	Agent Shop	Buy	Upgrade Core (Highest)	From Char:	11570167	Price:	2399999	Count:	15	
2018/01/11	22:41:47	Agent Shop	Buy	Upgrade Core (Piece)	From Char:	14090899	Price:	3199999	Count:	1	
2018/01/12	15:58:27	Agent Shop	Sell	Extreme Core (Lv. 10)	To Char:	103905904	Price:	195000000	Count:	3	
2018/01/12	18:09:10	Agent Shop	Buy	Extreme Core (Lv. 5)	From Char:	12984231	Price:	100000	Count:	18	
2018/01/12	18:11:49	Agent Shop	Buy	Extreme Core (Lv. 6)	From Char:	12984231	Price:	20000	Count:	14	

Trade
2018/01/11	16:44:40	Trade	Receive	12000000000	From Char:	97449627	
2018/01/11	16:44:40	Trade	Send	Palladium Coat(FA) of Outrageous +17,Extreme Upgrade (2 / 6),Upgrade Divine Level (10 / 15)	To Char:	97449627	
2018/01/11	22:40:58	Trade	Receive	Bike Parts (Highest)	From Char:	108405912	
2018/01/11	22:40:58	Trade	Send	3000000000	To Char:	108405912	
2018/01/11	23:33:33	Trade	Receive	2500000000	From Char:	104232808	
2018/01/11	23:33:33	Trade	Send	Siena's Bracelet	To Char:	104232808	
2018/01/11	23:33:33	Trade	Send	Vampiric Earring +9	To Char:	104232808	
2018/01/12	16:33:31	Trade	Send	Extreme Core (Lv. 8)	To Char:	100501800	
2018/01/12	16:33:31	Trade	Send	Extreme Core (Lv. 8)	To Char:	100501800	
2018/01/12	16:33:31	Trade	Send	Extreme Core (Lv. 8)	To Char:	100501800	
2018/01/12	16:33:31	Trade	Send	Extreme Core (Lv. 8)	To Char:	100501800	
2018/01/12	16:33:31	Trade	Send	Extreme Core (Lv. 8)	To Char:	100501800	
2018/01/12	16:33:31	Trade	Send	Archridium Epaulet of Sage	To Char:	100501800	
2018/01/12	16:33:31	Trade	Send	Astral Bikecard - Type: RW3 of Resistance +15 (Blue),Extreme Upgrade (0 / 3)	To Char:	100501800	
2018/01/12	16:33:31	Trade	Send	Palladium Boots(FA) of Outrageous +18,Extreme Upgrade (1 / 6),Upgrade Divine Level (4 / 15)	To Char:	100501800	
2018/01/12	16:33:31	Trade	Send	Costume Option Scroll-Critical DMG	To Char:	100501800	
2018/01/12	16:33:31	Trade	Send	Costume Option Scroll-Critical Rate	To Char:	100501800	
2018/01/12	16:33:31	Trade	Send	Costume Option Scroll-Resist Critical Rate	To Char:	100501800	
2018/01/12	16:33:31	Trade	Send	Carnelian +11	To Char:	100501800	
2018/01/12	16:33:31	Trade	Send	Earring of Guard +9	To Char:	100501800	
2018/01/12	16:33:31	Trade	Send	Earring of Guard +9	To Char:	100501800	
2018/01/12	16:33:31	Trade	Send	Minesta's Chaos Sage Belt +12	To Char:	100501800	
2018/01/12	16:34:15	Trade	Send	Extreme Core (Lv. 9)	To Char:	100501800	
2018/01/12	16:34:15	Trade	Send	Extreme Core (Lv. 9)	To Char:	100501800	
2018/01/12	16:34:15	Trade	Send	Bike Option Scroll (High)-Resist Skill Amp	To Char:	100501800	
2018/01/12	16:34:15	Trade	Send	Bike Option Scroll (High)-Random	To Char:	100501800	
2018/01/12	16:34:15	Trade	Send	Bike Option Scroll (Medium)-Resist Critical Damage	To Char:	100501800	
2018/01/12	16:34:15	Trade	Send	Bike Option Scroll (Medium)-Attack	To Char:	100501800	
2018/01/12	16:34:15	Trade	Send	Bike Option Scroll (Medium)-Resist Skill Amp	To Char:	100501800	
2018/01/12	16:34:15	Trade	Send	Bike Option Scroll (Medium)-Random	To Char:	100501800	
2018/01/12	16:34:15	Trade	Send	Palladium Headgear(FA) of Annihilation +17 (Expand),(Accounts Belonging),(Sealed),Extreme Upgrade (3 / 6),Upgrade Divine Level (4 / 15)	To Char:	100501800	
2018/01/12	16:34:15	Trade	Send	1081009142	To Char:	100501800	
2018/01/12	16:34:30	Trade	Send	Astral Bike Card - PW5 of Penetration +17 (Perm. Dark Red),Extreme Upgrade (4 / 5)	To Char:	100501800	
2018/01/12	16:35:51	Trade	Send	Material Core (Bike)	To Char:	100501800	
2018/01/12	17:09:56	Trade	Send	Chaos Core	To Char:	100501801	
2018/01/12	17:09:56	Trade	Send	Chaos Core	To Char:	100501801	
2018/01/12	17:09:56	Trade	Send	Chaos Core	To Char:	100501801	
2018/01/12	17:09:56	Trade	Send	Chaos Core	To Char:	100501801	
2018/01/12	17:09:56	Trade	Send	Chaos Core	To Char:	100501801	
2018/01/12	17:09:56	Trade	Send	Chaos Core	To Char:	100501801	
2018/01/12	17:09:56	Trade	Send	Chaos Core	To Char:	100501801	
2018/01/12	17:09:56	Trade	Send	Chaos Core	To Char:	100501801	
2018/01/12	17:09:56	Trade	Send	Chaos Core	To Char:	100501801	
2018/01/12	17:09:56	Trade	Send	Chaos Core	To Char:	100501801	
2018/01/12	17:09:56	Trade	Send	Chaos Core	To Char:	100501801	
2018/01/12	17:09:56	Trade	Send	Chaos Core	To Char:	100501801	
2018/01/12	17:09:56	Trade	Send	Chaos Core	To Char:	100501801	
2018/01/12	17:09:56	Trade	Send	Chaos Core	To Char:	100501801	
2018/01/12	17:09:56	Trade	Send	Chaos Core	To Char:	100501801	
2018/01/12	17:09:56	Trade	Send	Chaos Core	To Char:	100501801	
2018/01/12	17:09:56	Trade	Send	Chaos Core	To Char:	100501801	
2018/01/12	17:09:56	Trade	Send	Chaos Core	To Char:	100501801	
2018/01/12	17:09:56	Trade	Send	Chaos Core	To Char:	100501801	
2018/01/12	17:09:56	Trade	Send	Chaos Core	To Char:	100501801	
2018/01/12	17:09:56	Trade	Send	Chaos Core	To Char:	100501801	
2018/01/12	17:09:56	Trade	Send	Chaos Core	To Char:	100501801	
2018/01/12	17:09:56	Trade	Send	Chaos Core	To Char:	100501801	
2018/01/12	17:09:56	Trade	Send	Chaos Core	To Char:	100501801	
2018/01/12	17:09:56	Trade	Send	Chaos Core	To Char:	100501801	
2018/01/12	17:09:56	Trade	Send	Chaos Core	To Char:	100501801	
2018/01/12	17:09:56	Trade	Send	Chaos Core	To Char:	100501801	
2018/01/12	17:09:56	Trade	Send	Chaos Core	To Char:	100501801	
2018/01/12	17:09:56	Trade	Send	Chaos Core	To Char:	100501801	
2018/01/12	17:09:56	Trade	Send	Chaos Core	To Char:	100501801	
2018/01/12	17:09:56	Trade	Send	Chaos Core	To Char:	100501801	
2018/01/12	17:09:56	Trade	Send	Chaos Core	To Char:	100501801	
2018/01/12	17:09:56	Trade	Send	Chaos Core	To Char:	100501801	
2018/01/12	17:09:56	Trade	Send	Chaos Core	To Char:	100501801	
2018/01/12	17:09:56	Trade	Send	Chaos Core	To Char:	100501801	
2018/01/12	17:09:56	Trade	Send	Chaos Core	To Char:	100501801	
2018/01/12	17:09:56	Trade	Send	Chaos Core	To Char:	100501801	
2018/01/12	17:09:56	Trade	Send	Chaos Core	To Char:	100501801	
2018/01/12	17:09:56	Trade	Send	Chaos Core	To Char:	100501801	
2018/01/12	17:09:56	Trade	Send	Chaos Core	To Char:	100501801	
2018/01/12	17:09:56	Trade	Send	Chaos Core	To Char:	100501801	
2018/01/12	17:09:56	Trade	Send	Chaos Core	To Char:	100501801	
2018/01/12	17:09:56	Trade	Send	Chaos Core	To Char:	100501801	
2018/01/12	17:09:56	Trade	Send	Chaos Core	To Char:	100501801	
2018/01/12	17:09:56	Trade	Send	Chaos Core	To Char:	100501801	
2018/01/12	17:09:56	Trade	Send	Chaos Core	To Char:	100501801	
2018/01/12	17:09:56	Trade	Send	Chaos Core	To Char:	100501801	
2018/01/12	17:09:56	Trade	Send	Chaos Core	To Char:	100501801	
2018/01/12	17:10:05	Trade	Send	Chaos Core	To Char:	100501801	
2018/01/12	17:10:05	Trade	Send	Chaos Core	To Char:	100501801	
2018/01/12	17:10:05	Trade	Send	Chaos Core	To Char:	100501801	
2018/01/12	17:10:05	Trade	Send	Chaos Core	To Char:	100501801	
2018/01/12	17:10:05	Trade	Send	Chaos Core	To Char:	100501801	
2018/01/12	17:10:05	Trade	Send	Chaos Core	To Char:	100501801	
2018/01/12	17:10:05	Trade	Send	Chaos Core	To Char:	100501801	
2018/01/12	17:10:05	Trade	Send	Chaos Core	To Char:	100501801	
2018/01/12	17:10:05	Trade	Send	Chaos Core	To Char:	100501801	
2018/01/12	17:10:05	Trade	Send	Chaos Core	To Char:	100501801	
2018/01/12	17:10:05	Trade	Send	Chaos Core	To Char:	100501801	
2018/01/12	17:10:05	Trade	Send	Chaos Core	To Char:	100501801	
2018/01/12	17:10:05	Trade	Send	Chaos Core	To Char:	100501801	
2018/01/12	17:10:05	Trade	Send	Chaos Core	To Char:	100501801	
2018/01/12	17:10:05	Trade	Send	Chaos Core	To Char:	100501801	
2018/01/12	17:10:05	Trade	Send	Chaos Core	To Char:	100501801	
2018/01/12	17:10:05	Trade	Send	Chaos Core	To Char:	100501801	
2018/01/12	17:10:05	Trade	Send	Chaos Core	To Char:	100501801	
2018/01/12	17:10:05	Trade	Send	Chaos Core	To Char:	100501801	
2018/01/12	17:10:05	Trade	Send	Chaos Core	To Char:	100501801	
2018/01/12	17:10:05	Trade	Send	Chaos Core	To Char:	100501801	
2018/01/12	17:10:05	Trade	Send	Chaos Core	To Char:	100501801	
2018/01/12	17:10:05	Trade	Send	Chaos Core	To Char:	100501801	
2018/01/12	17:10:05	Trade	Send	Chaos Core	To Char:	100501801	
2018/01/12	17:10:05	Trade	Send	Chaos Core	To Char:	100501801	
2018/01/12	17:10:05	Trade	Send	Chaos Core	To Char:	100501801	
2018/01/12	17:10:05	Trade	Send	Chaos Core	To Char:	100501801	
2018/01/12	17:10:05	Trade	Send	Chaos Core	To Char:	100501801	
2018/01/12	17:10:05	Trade	Send	Chaos Core	To Char:	100501801	
2018/01/12	17:10:05	Trade	Send	Chaos Core	To Char:	100501801	
2018/01/12	17:10:05	Trade	Send	Chaos Core	To Char:	100501801	
2018/01/12	17:10:05	Trade	Send	Chaos Core	To Char:	100501801	
2018/01/12	17:10:05	Trade	Send	Chaos Core	To Char:	100501801	
2018/01/12	17:10:05	Trade	Send	Chaos Core	To Char:	100501801	
2018/01/12	17:10:05	Trade	Send	Chaos Core	To Char:	100501801	
2018/01/12	17:10:05	Trade	Send	Chaos Core	To Char:	100501801	
2018/01/12	17:10:05	Trade	Send	Chaos Core	To Char:	100501801	
2018/01/12	17:10:05	Trade	Send	Chaos Core	To Char:	100501801	
2018/01/12	17:10:05	Trade	Send	Chaos Core	To Char:	100501801	
2018/01/12	17:10:05	Trade	Send	Chaos Core	To Char:	100501801	
2018/01/12	17:10:05	Trade	Send	Chaos Core	To Char:	100501801	
2018/01/12	17:10:05	Trade	Send	Chaos Core	To Char:	100501801	
2018/01/12	17:10:05	Trade	Send	Chaos Core	To Char:	100501801	
2018/01/12	17:10:05	Trade	Send	Chaos Core	To Char:	100501801	
2018/01/12	17:10:05	Trade	Send	Chaos Core	To Char:	100501801	
2018/01/12	17:10:05	Trade	Send	Chaos Core	To Char:	100501801	
2018/01/12	17:10:05	Trade	Send	Chaos Core	To Char:	100501801	
2018/01/12	17:10:05	Trade	Send	Chaos Core	To Char:	100501801	
2018/01/12	17:11:04	Trade	Send	Chaos Core	To Char:	100501801	
2018/01/12	17:11:04	Trade	Send	Chaos Core	To Char:	100501801	
2018/01/12	17:11:04	Trade	Send	Chaos Core	To Char:	100501801	
2018/01/12	17:11:04	Trade	Send	Chaos Core	To Char:	100501801	
2018/01/12	17:11:04	Trade	Send	Chaos Core	To Char:	100501801	
2018/01/12	17:11:04	Trade	Send	Chaos Core	To Char:	100501801	
2018/01/12	17:11:04	Trade	Send	Chaos Core	To Char:	100501801	
2018/01/12	17:11:04	Trade	Send	Chaos Core	To Char:	100501801	
2018/01/12	17:11:04	Trade	Send	Chaos Core	To Char:	100501801	
2018/01/12	17:11:04	Trade	Send	Chaos Core	To Char:	100501801	
2018/01/12	17:11:04	Trade	Send	Chaos Core	To Char:	100501801	
2018/01/12	17:11:04	Trade	Send	Chaos Core	To Char:	100501801	
2018/01/12	17:11:04	Trade	Send	Chaos Core	To Char:	100501801	
2018/01/12	17:11:04	Trade	Send	Chaos Core	To Char:	100501801	
2018/01/12	17:11:04	Trade	Send	Chaos Core	To Char:	100501801	
2018/01/12	17:11:04	Trade	Send	Chaos Core	To Char:	100501801	
2018/01/12	17:11:04	Trade	Send	Chaos Core	To Char:	100501801	
2018/01/12	17:11:04	Trade	Send	Chaos Core	To Char:	100501801	
2018/01/12	17:11:04	Trade	Send	Chaos Core	To Char:	100501801	
2018/01/12	17:11:04	Trade	Send	Chaos Core	To Char:	100501801	
2018/01/12	17:11:04	Trade	Send	Chaos Core	To Char:	100501801	
2018/01/12	17:11:04	Trade	Send	Chaos Core	To Char:	100501801	
2018/01/12	17:11:04	Trade	Send	Chaos Core	To Char:	100501801	
2018/01/12	17:11:04	Trade	Send	Chaos Core	To Char:	100501801	
2018/01/12	17:11:04	Trade	Send	Chaos Core	To Char:	100501801	
2018/01/12	17:11:04	Trade	Send	Chaos Core	To Char:	100501801	
2018/01/12	17:11:04	Trade	Send	Chaos Core	To Char:	100501801	
2018/01/12	17:11:04	Trade	Send	Chaos Core	To Char:	100501801	
2018/01/12	17:11:04	Trade	Send	Chaos Core	To Char:	100501801	
2018/01/12	17:11:04	Trade	Send	Chaos Core	To Char:	100501801	
2018/01/12	17:11:04	Trade	Send	Chaos Core	To Char:	100501801	
2018/01/12	17:11:04	Trade	Send	Chaos Core	To Char:	100501801	
2018/01/12	17:11:04	Trade	Send	Chaos Core	To Char:	100501801	
2018/01/12	17:11:04	Trade	Send	Chaos Core	To Char:	100501801	
2018/01/12	17:11:04	Trade	Send	Chaos Core	To Char:	100501801	
2018/01/12	17:11:04	Trade	Send	Chaos Core	To Char:	100501801	
2018/01/12	17:11:04	Trade	Send	Chaos Core	To Char:	100501801	
2018/01/12	17:11:04	Trade	Send	Chaos Core	To Char:	100501801	
2018/01/12	17:11:04	Trade	Send	Chaos Core	To Char:	100501801	
2018/01/12	17:11:04	Trade	Send	Chaos Core	To Char:	100501801	
2018/01/12	17:11:04	Trade	Send	Chaos Core	To Char:	100501801	
2018/01/12	17:11:04	Trade	Send	Chaos Core	To Char:	100501801	
2018/01/12	17:11:04	Trade	Send	Chaos Core	To Char:	100501801	
2018/01/12	17:11:04	Trade	Send	Chaos Core	To Char:	100501801	
2018/01/12	17:11:04	Trade	Send	Chaos Core	To Char:	100501801	
2018/01/12	17:11:04	Trade	Send	Chaos Core	To Char:	100501801	
2018/01/12	17:11:04	Trade	Send	Chaos Core	To Char:	100501801	
2018/01/12	17:11:04	Trade	Send	Chaos Core	To Char:	100501801	
2018/01/12	17:16:18	Trade	Send	Chaos Core	To Char:	100501802	
2018/01/12	17:16:18	Trade	Send	Chaos Core	To Char:	100501802	
2018/01/12	17:16:18	Trade	Send	Chaos Core	To Char:	100501802	
2018/01/12	17:16:18	Trade	Send	Chaos Core	To Char:	100501802	
2018/01/12	17:16:18	Trade	Send	Chaos Core	To Char:	100501802	
2018/01/12	17:16:18	Trade	Send	Chaos Core	To Char:	100501802	
2018/01/12	17:16:18	Trade	Send	Chaos Core	To Char:	100501802	
2018/01/12	17:16:18	Trade	Send	Chaos Core	To Char:	100501802	
2018/01/12	17:16:18	Trade	Send	Chaos Core	To Char:	100501802	
2018/01/12	17:16:18	Trade	Send	Chaos Core	To Char:	100501802	
2018/01/12	17:16:18	Trade	Send	Chaos Core	To Char:	100501802	
2018/01/12	17:16:18	Trade	Send	Chaos Core	To Char:	100501802	
2018/01/12	17:16:18	Trade	Send	Chaos Core	To Char:	100501802	
2018/01/12	17:16:18	Trade	Send	Chaos Core	To Char:	100501802	
2018/01/12	17:16:18	Trade	Send	Chaos Core	To Char:	100501802	
2018/01/12	17:16:18	Trade	Send	Chaos Core	To Char:	100501802	
2018/01/12	17:16:18	Trade	Send	Chaos Core	To Char:	100501802	
2018/01/12	17:16:18	Trade	Send	Chaos Core	To Char:	100501802	
2018/01/12	17:16:18	Trade	Send	Chaos Core	To Char:	100501802	
2018/01/12	17:16:18	Trade	Send	Chaos Core	To Char:	100501802	
2018/01/12	17:16:18	Trade	Send	Chaos Core	To Char:	100501802	
2018/01/12	17:16:18	Trade	Send	Chaos Core	To Char:	100501802	
2018/01/12	17:16:18	Trade	Send	Chaos Core	To Char:	100501802	
2018/01/12	17:16:18	Trade	Send	Chaos Core	To Char:	100501802	
2018/01/12	17:16:18	Trade	Send	Chaos Core	To Char:	100501802	
2018/01/12	17:16:18	Trade	Send	Chaos Core	To Char:	100501802	
2018/01/12	17:16:18	Trade	Send	Chaos Core	To Char:	100501802	
2018/01/12	17:16:18	Trade	Send	Chaos Core	To Char:	100501802	
2018/01/12	17:16:18	Trade	Send	Chaos Core	To Char:	100501802	
2018/01/12	17:16:18	Trade	Send	Chaos Core	To Char:	100501802	
2018/01/12	17:16:18	Trade	Send	Chaos Core	To Char:	100501802	
2018/01/12	17:16:18	Trade	Send	Chaos Core	To Char:	100501802	
2018/01/12	17:16:18	Trade	Send	Chaos Core	To Char:	100501802	
2018/01/12	17:16:18	Trade	Send	Chaos Core	To Char:	100501802	
2018/01/12	17:16:18	Trade	Send	Chaos Core	To Char:	100501802	
2018/01/12	17:16:18	Trade	Send	Chaos Core	To Char:	100501802	
2018/01/12	17:16:18	Trade	Send	Chaos Core	To Char:	100501802	
2018/01/12	17:16:18	Trade	Send	Chaos Core	To Char:	100501802	
2018/01/12	17:16:18	Trade	Send	Chaos Core	To Char:	100501802	
2018/01/12	17:16:18	Trade	Send	Chaos Core	To Char:	100501802	
2018/01/12	17:16:18	Trade	Send	Chaos Core	To Char:	100501802	
2018/01/12	17:16:18	Trade	Send	Chaos Core	To Char:	100501802	
2018/01/12	17:16:18	Trade	Send	Chaos Core	To Char:	100501802	
2018/01/12	17:16:18	Trade	Send	Chaos Core	To Char:	100501802	
2018/01/12	17:16:18	Trade	Send	Chaos Core	To Char:	100501802	
2018/01/12	17:16:18	Trade	Send	Chaos Core	To Char:	100501802	
2018/01/12	17:16:18	Trade	Send	Chaos Core	To Char:	100501802	
2018/01/12	17:16:18	Trade	Send	Chaos Core	To Char:	100501802	
2018/01/12	17:16:30	Trade	Send	Chaos Core	To Char:	100501802	
2018/01/12	17:16:30	Trade	Send	Chaos Core	To Char:	100501802	
2018/01/12	17:16:30	Trade	Send	Chaos Core	To Char:	100501802	
2018/01/12	17:16:30	Trade	Send	Chaos Core	To Char:	100501802	
2018/01/12	17:16:30	Trade	Send	Chaos Core	To Char:	100501802	
2018/01/12	17:16:30	Trade	Send	Chaos Core	To Char:	100501802	
2018/01/12	17:16:30	Trade	Send	Chaos Core	To Char:	100501802	
2018/01/12	17:16:30	Trade	Send	Chaos Core	To Char:	100501802	
2018/01/12	17:16:30	Trade	Send	Chaos Core	To Char:	100501802	
2018/01/12	17:16:30	Trade	Send	Chaos Core	To Char:	100501802	
2018/01/12	17:16:30	Trade	Send	Chaos Core	To Char:	100501802	
2018/01/12	17:16:30	Trade	Send	Chaos Core	To Char:	100501802	
2018/01/12	17:16:30	Trade	Send	Chaos Core	To Char:	100501802	
2018/01/12	17:16:30	Trade	Send	Chaos Core	To Char:	100501802	
2018/01/12	17:16:30	Trade	Send	Chaos Core	To Char:	100501802	
2018/01/12	17:16:30	Trade	Send	Chaos Core	To Char:	100501802	
2018/01/12	17:16:30	Trade	Send	Chaos Core	To Char:	100501802	
2018/01/12	17:16:30	Trade	Send	Chaos Core	To Char:	100501802	
2018/01/12	17:16:30	Trade	Send	Chaos Core	To Char:	100501802	
2018/01/12	17:16:30	Trade	Send	Chaos Core	To Char:	100501802	
2018/01/12	17:16:30	Trade	Send	Chaos Core	To Char:	100501802	
2018/01/12	17:16:30	Trade	Send	Chaos Core	To Char:	100501802	
2018/01/12	17:16:30	Trade	Send	Chaos Core	To Char:	100501802	
2018/01/12	17:16:30	Trade	Send	Chaos Core	To Char:	100501802	
2018/01/12	17:16:30	Trade	Send	Chaos Core	To Char:	100501802	
2018/01/12	17:16:30	Trade	Send	Chaos Core	To Char:	100501802	
2018/01/12	17:16:30	Trade	Send	Chaos Core	To Char:	100501802	
2018/01/12	17:16:30	Trade	Send	Chaos Core	To Char:	100501802	
2018/01/12	17:16:30	Trade	Send	Chaos Core	To Char:	100501802	
2018/01/12	17:16:30	Trade	Send	Chaos Core	To Char:	100501802	
2018/01/12	17:16:30	Trade	Send	Chaos Core	To Char:	100501802	
2018/01/12	17:16:30	Trade	Send	Chaos Core	To Char:	100501802	
2018/01/12	17:16:30	Trade	Send	Chaos Core	To Char:	100501802	
2018/01/12	17:16:30	Trade	Send	Chaos Core	To Char:	100501802	
2018/01/12	17:16:30	Trade	Send	Chaos Core	To Char:	100501802	
2018/01/12	17:16:30	Trade	Send	Chaos Core	To Char:	100501802	
2018/01/12	17:16:30	Trade	Send	Chaos Core	To Char:	100501802	
2018/01/12	17:16:30	Trade	Send	Chaos Core	To Char:	100501802	
2018/01/12	17:16:30	Trade	Send	Chaos Core	To Char:	100501802	
2018/01/12	17:16:30	Trade	Send	Chaos Core	To Char:	100501802	
2018/01/12	17:16:30	Trade	Send	Chaos Core	To Char:	100501802	
2018/01/12	17:16:30	Trade	Send	Chaos Core	To Char:	100501802	
2018/01/12	17:16:30	Trade	Send	Chaos Core	To Char:	100501802	
2018/01/12	17:16:30	Trade	Send	Chaos Core	To Char:	100501802	
2018/01/12	17:16:30	Trade	Send	Chaos Core	To Char:	100501802	
2018/01/12	17:16:30	Trade	Send	Chaos Core	To Char:	100501802	
2018/01/12	17:16:30	Trade	Send	Chaos Core	To Char:	100501802	
2018/01/12	17:16:30	Trade	Send	Chaos Core	To Char:	100501802	
2018/01/12	17:16:58	Trade	Send	Chaos Core	To Char:	100501802	
2018/01/12	17:16:58	Trade	Send	Chaos Core	To Char:	100501802	
2018/01/12	17:16:58	Trade	Send	Chaos Core	To Char:	100501802	
2018/01/12	17:16:58	Trade	Send	Chaos Core	To Char:	100501802	
2018/01/12	17:16:58	Trade	Send	Chaos Core	To Char:	100501802	
2018/01/12	17:16:58	Trade	Send	Chaos Core	To Char:	100501802	
2018/01/12	17:16:58	Trade	Send	Chaos Core	To Char:	100501802	
2018/01/12	17:16:58	Trade	Send	Chaos Core	To Char:	100501802	
2018/01/12	17:16:58	Trade	Send	Chaos Core	To Char:	100501802	
2018/01/12	17:16:58	Trade	Send	Chaos Core	To Char:	100501802	
2018/01/12	17:16:58	Trade	Send	Chaos Core	To Char:	100501802	
2018/01/12	17:16:58	Trade	Send	Chaos Core	To Char:	100501802	
2018/01/12	17:16:58	Trade	Send	Chaos Core	To Char:	100501802	
2018/01/12	17:16:58	Trade	Send	Chaos Core	To Char:	100501802	
2018/01/12	17:16:58	Trade	Send	Chaos Core	To Char:	100501802	
2018/01/12	17:16:58	Trade	Send	Chaos Core	To Char:	100501802	
2018/01/12	17:16:58	Trade	Send	Chaos Core	To Char:	100501802	
2018/01/12	17:16:58	Trade	Send	Chaos Core	To Char:	100501802	
2018/01/12	17:16:58	Trade	Send	Chaos Core	To Char:	100501802	
2018/01/12	17:16:58	Trade	Send	Chaos Core	To Char:	100501802	
2018/01/12	17:16:58	Trade	Send	Chaos Core	To Char:	100501802	
2018/01/12	17:16:58	Trade	Send	Chaos Core	To Char:	100501802	
2018/01/12	17:16:58	Trade	Send	Chaos Core	To Char:	100501802	
2018/01/12	17:16:58	Trade	Send	Chaos Core	To Char:	100501802	
2018/01/12	17:16:58	Trade	Send	Chaos Core	To Char:	100501802	
2018/01/12	17:16:58	Trade	Send	Chaos Core	To Char:	100501802	
2018/01/12	17:16:58	Trade	Send	Chaos Core	To Char:	100501802	
2018/01/12	17:16:58	Trade	Send	Chaos Core	To Char:	100501802	
2018/01/12	17:16:58	Trade	Send	Chaos Core	To Char:	100501802	
2018/01/12	17:16:58	Trade	Send	Chaos Core	To Char:	100501802	
2018/01/12	17:16:58	Trade	Send	Chaos Core	To Char:	100501802	
2018/01/12	17:16:58	Trade	Send	Chaos Core	To Char:	100501802	
2018/01/12	17:18:29	Trade	Send	Orb of Destruction	To Char:	100501803	
2018/01/12	17:18:29	Trade	Send	Orb of Ruin	To Char:	100501803	
2018/01/12	17:18:29	Trade	Send	Orb of Wind	To Char:	100501803	
2018/01/12	17:18:29	Trade	Send	Orb of Earth	To Char:	100501803	
2018/01/12	17:18:29	Trade	Send	Orb of Ice	To Char:	100501803	
2018/01/12	17:18:29	Trade	Send	Orb of Fire	To Char:	100501803	
2018/01/12	17:18:29	Trade	Send	Mercenary Card Piece - Elena	To Char:	100501803	
2018/01/12	17:18:29	Trade	Send	Material Core (Bike)	To Char:	100501803	
2018/01/12	17:18:29	Trade	Send	Baldus Token	To Char:	100501803	
2018/01/12	17:18:29	Trade	Send	Chaos Core	To Char:	100501803	
2018/01/12	17:18:29	Trade	Send	Chaos Core	To Char:	100501803	
2018/01/12	17:18:29	Trade	Send	Chaos Core	To Char:	100501803	
2018/01/12	17:18:29	Trade	Send	Chaos Core	To Char:	100501803	
2018/01/12	17:18:29	Trade	Send	Chaos Core	To Char:	100501803	
2018/01/12	17:18:29	Trade	Send	Chaos Core	To Char:	100501803	
2018/01/12	17:18:29	Trade	Send	Chaos Core	To Char:	100501803	
2018/01/12	17:18:29	Trade	Send	Chaos Core	To Char:	100501803	
2018/01/12	17:18:29	Trade	Send	Chaos Core	To Char:	100501803	
2018/01/12	17:18:29	Trade	Send	Chaos Core	To Char:	100501803	
2018/01/12	17:18:29	Trade	Send	Chaos Core	To Char:	100501803	
2018/01/12	17:18:29	Trade	Send	Chaos Core	To Char:	100501803	
2018/01/12	17:18:29	Trade	Send	Chaos Core	To Char:	100501803	
2018/01/12	17:18:29	Trade	Send	Chaos Core	To Char:	100501803	
2018/01/12	17:18:29	Trade	Send	Chaos Core	To Char:	100501803	
2018/01/12	17:18:29	Trade	Send	Chaos Core	To Char:	100501803	
2018/01/12	17:18:29	Trade	Send	Chaos Core	To Char:	100501803	
2018/01/12	17:18:29	Trade	Send	Chaos Core	To Char:	100501803	
2018/01/12	17:18:29	Trade	Send	Chaos Core	To Char:	100501803	
2018/01/12	17:18:29	Trade	Send	Chaos Core	To Char:	100501803	
2018/01/12	17:18:29	Trade	Send	Chaos Core	To Char:	100501803	
2018/01/12	17:18:29	Trade	Send	Chaos Core	To Char:	100501803	
2018/01/12	17:18:29	Trade	Send	Chaos Core	To Char:	100501803	
2018/01/12	17:18:29	Trade	Send	Chaos Core	To Char:	100501803	
2018/01/12	17:18:29	Trade	Send	Chaos Core	To Char:	100501803	
2018/01/12	17:18:29	Trade	Send	Chaos Core	To Char:	100501803	
2018/01/12	17:18:29	Trade	Send	Chaos Core	To Char:	100501803	
2018/01/12	17:18:29	Trade	Send	Chaos Core	To Char:	100501803	
2018/01/12	17:18:29	Trade	Send	Chaos Core	To Char:	100501803	
2018/01/12	17:18:29	Trade	Send	Chaos Core	To Char:	100501803	
2018/01/12	17:18:29	Trade	Send	Chaos Core	To Char:	100501803	
2018/01/12	17:18:29	Trade	Send	Chaos Core	To Char:	100501803	
2018/01/12	17:18:29	Trade	Send	Chaos Core	To Char:	100501803	
2018/01/12	17:18:29	Trade	Send	Chaos Core	To Char:	100501803	
2018/01/12	17:18:29	Trade	Send	Chaos Core	To Char:	100501803	
2018/01/12	17:18:29	Trade	Send	Chaos Core	To Char:	100501803	
2018/01/12	17:18:29	Trade	Send	Chaos Core	To Char:	100501803	
2018/01/12	17:18:29	Trade	Send	Chaos Core	To Char:	100501803	
2018/01/12	17:18:29	Trade	Send	Chaos Core	To Char:	100501803	
2018/01/12	17:18:41	Trade	Send	Chaos Core	To Char:	100501803	
2018/01/12	17:18:41	Trade	Send	Chaos Core	To Char:	100501803	
2018/01/12	17:18:41	Trade	Send	Chaos Core	To Char:	100501803	
2018/01/12	17:18:41	Trade	Send	Chaos Core	To Char:	100501803	
2018/01/12	17:22:03	Trade	Send	Chaos Core	To Char:	100501803	
2018/01/12	17:22:03	Trade	Send	Chaos Core	To Char:	100501803	
2018/01/12	17:22:03	Trade	Send	Chaos Core	To Char:	100501803	
2018/01/12	17:22:03	Trade	Send	Chaos Core	To Char:	100501803	
2018/01/12	17:22:03	Trade	Send	Chaos Core	To Char:	100501803	
2018/01/12	17:22:03	Trade	Send	Chaos Core	To Char:	100501803	
2018/01/12	17:22:03	Trade	Send	Chaos Core	To Char:	100501803	
2018/01/12	17:22:03	Trade	Send	Chaos Core	To Char:	100501803	
2018/01/12	17:22:03	Trade	Send	Chaos Core	To Char:	100501803	
2018/01/12	17:22:03	Trade	Send	Chaos Core	To Char:	100501803	
2018/01/12	17:22:03	Trade	Send	Chaos Core	To Char:	100501803	
2018/01/12	17:22:03	Trade	Send	Chaos Core	To Char:	100501803	
2018/01/12	17:22:03	Trade	Send	Chaos Core	To Char:	100501803	
2018/01/12	17:22:03	Trade	Send	Chaos Core	To Char:	100501803	
2018/01/12	17:22:03	Trade	Send	Chaos Core	To Char:	100501803	
2018/01/12	17:22:03	Trade	Send	Chaos Core	To Char:	100501803	
2018/01/12	17:22:03	Trade	Send	Chaos Core	To Char:	100501803	
2018/01/12	17:22:03	Trade	Send	Chaos Core	To Char:	100501803	
2018/01/12	17:22:03	Trade	Send	Chaos Core	To Char:	100501803	
2018/01/12	17:22:03	Trade	Send	Chaos Core	To Char:	100501803	
2018/01/12	17:22:03	Trade	Send	Chaos Core	To Char:	100501803	
2018/01/12	17:22:03	Trade	Send	Chaos Core	To Char:	100501803	
2018/01/12	17:22:03	Trade	Send	Chaos Core	To Char:	100501803	
2018/01/12	17:22:03	Trade	Send	Chaos Core	To Char:	100501803	
2018/01/12	17:22:03	Trade	Send	Chaos Core	To Char:	100501803	
2018/01/12	17:22:03	Trade	Send	Chaos Core	To Char:	100501803	
2018/01/12	17:22:03	Trade	Send	Chaos Core	To Char:	100501803	
2018/01/12	17:22:03	Trade	Send	Chaos Core	To Char:	100501803	
2018/01/12	17:22:03	Trade	Send	Chaos Core	To Char:	100501803	
2018/01/12	17:22:03	Trade	Send	Chaos Core	To Char:	100501803	
2018/01/12	17:22:03	Trade	Send	Chaos Core	To Char:	100501803	
2018/01/12	17:22:03	Trade	Send	Chaos Core	To Char:	100501803	
2018/01/12	17:22:03	Trade	Send	Chaos Core	To Char:	100501803	
2018/01/12	17:22:03	Trade	Send	Chaos Core	To Char:	100501803	
2018/01/12	17:22:03	Trade	Send	Chaos Core	To Char:	100501803	
2018/01/12	17:22:03	Trade	Send	Chaos Core	To Char:	100501803	
2018/01/12	17:22:03	Trade	Send	Chaos Core	To Char:	100501803	
2018/01/12	17:22:03	Trade	Send	Chaos Core	To Char:	100501803	
2018/01/12	17:22:03	Trade	Send	Chaos Core	To Char:	100501803	
2018/01/12	17:22:03	Trade	Send	Chaos Core	To Char:	100501803	
2018/01/12	17:22:03	Trade	Send	Chaos Core	To Char:	100501803	
2018/01/12	17:22:03	Trade	Send	Chaos Core	To Char:	100501803	
2018/01/12	17:22:03	Trade	Send	Chaos Core	To Char:	100501803	
2018/01/12	17:22:03	Trade	Send	Chaos Core	To Char:	100501803	
2018/01/12	17:22:03	Trade	Send	Chaos Core	To Char:	100501803	
2018/01/12	17:22:03	Trade	Send	Chaos Core	To Char:	100501803	
2018/01/12	17:22:03	Trade	Send	Chaos Core	To Char:	100501803	
2018/01/12	17:22:03	Trade	Send	Chaos Core	To Char:	100501803	
2018/01/12	17:22:49	Trade	Send	Chaos Core	To Char:	100501803	
2018/01/12	17:22:49	Trade	Send	Chaos Core	To Char:	100501803	
2018/01/12	17:22:49	Trade	Send	Chaos Core	To Char:	100501803	
2018/01/12	17:22:49	Trade	Send	Chaos Core	To Char:	100501803	
2018/01/12	17:22:49	Trade	Send	Chaos Core	To Char:	100501803	
2018/01/12	17:22:49	Trade	Send	Chaos Core	To Char:	100501803	
2018/01/12	17:22:49	Trade	Send	Chaos Core	To Char:	100501803	
2018/01/12	17:22:49	Trade	Send	Chaos Core	To Char:	100501803	
2018/01/12	17:22:49	Trade	Send	Chaos Core	To Char:	100501803	
2018/01/12	17:22:49	Trade	Send	Chaos Core	To Char:	100501803	
2018/01/12	17:22:49	Trade	Send	Chaos Core	To Char:	100501803	
2018/01/12	17:22:49	Trade	Send	Chaos Core	To Char:	100501803	
2018/01/12	17:22:49	Trade	Send	Chaos Core	To Char:	100501803	
2018/01/12	17:22:49	Trade	Send	Chaos Core	To Char:	100501803	
2018/01/12	17:22:49	Trade	Send	Chaos Core	To Char:	100501803	
2018/01/12	17:22:49	Trade	Send	Chaos Core	To Char:	100501803	
2018/01/12	17:22:49	Trade	Send	Chaos Core	To Char:	100501803	
2018/01/12	17:22:49	Trade	Send	Chaos Core	To Char:	100501803	
2018/01/12	17:22:49	Trade	Send	Chaos Core	To Char:	100501803	
2018/01/12	17:22:49	Trade	Send	Chaos Core	To Char:	100501803	
2018/01/12	17:22:49	Trade	Send	Chaos Core	To Char:	100501803	
2018/01/12	17:22:49	Trade	Send	Chaos Core	To Char:	100501803	
2018/01/12	17:22:49	Trade	Send	Chaos Core	To Char:	100501803	
2018/01/12	17:22:49	Trade	Send	Chaos Core	To Char:	100501803	
2018/01/12	17:22:49	Trade	Send	Chaos Core	To Char:	100501803	
2018/01/12	17:22:49	Trade	Send	Chaos Core	To Char:	100501803	
2018/01/12	17:22:49	Trade	Send	Chaos Core	To Char:	100501803	
2018/01/12	17:22:49	Trade	Send	Chaos Core	To Char:	100501803	
2018/01/12	17:23:55	Trade	Send	Chaos Core	To Char:	100501804	
2018/01/12	17:23:55	Trade	Send	Chaos Core	To Char:	100501804	
2018/01/12	17:23:55	Trade	Send	Chaos Core	To Char:	100501804	
2018/01/12	17:23:55	Trade	Send	Chaos Core	To Char:	100501804	
2018/01/12	17:23:55	Trade	Send	Chaos Core	To Char:	100501804	
2018/01/12	17:23:55	Trade	Send	Chaos Core	To Char:	100501804	
2018/01/12	17:23:55	Trade	Send	Chaos Core	To Char:	100501804	
2018/01/12	17:23:55	Trade	Send	Chaos Core	To Char:	100501804	
2018/01/12	17:23:55	Trade	Send	Chaos Core	To Char:	100501804	
2018/01/12	17:23:55	Trade	Send	Chaos Core	To Char:	100501804	
2018/01/12	17:23:55	Trade	Send	Chaos Core	To Char:	100501804	
2018/01/12	17:23:55	Trade	Send	Chaos Core	To Char:	100501804	
2018/01/12	17:23:55	Trade	Send	Chaos Core	To Char:	100501804	
2018/01/12	17:23:55	Trade	Send	Chaos Core	To Char:	100501804	
2018/01/12	17:23:55	Trade	Send	Chaos Core	To Char:	100501804	
2018/01/12	17:23:55	Trade	Send	Chaos Core	To Char:	100501804	
2018/01/12	17:23:55	Trade	Send	Chaos Core	To Char:	100501804	
2018/01/12	17:23:55	Trade	Send	Chaos Core	To Char:	100501804	
2018/01/12	17:23:55	Trade	Send	Chaos Core	To Char:	100501804	
2018/01/12	17:23:55	Trade	Send	Chaos Core	To Char:	100501804	
2018/01/12	17:23:55	Trade	Send	Chaos Core	To Char:	100501804	
2018/01/12	17:23:55	Trade	Send	Chaos Core	To Char:	100501804	
2018/01/12	17:23:55	Trade	Send	Chaos Core	To Char:	100501804	
2018/01/12	17:23:55	Trade	Send	Chaos Core	To Char:	100501804	
2018/01/12	17:23:55	Trade	Send	Chaos Core	To Char:	100501804	
2018/01/12	17:23:55	Trade	Send	Chaos Core	To Char:	100501804	
2018/01/12	17:23:55	Trade	Send	Chaos Core	To Char:	100501804	
2018/01/12	17:23:55	Trade	Send	Chaos Core	To Char:	100501804	
2018/01/12	17:23:55	Trade	Send	Chaos Core	To Char:	100501804	
2018/01/12	17:23:55	Trade	Send	Chaos Core	To Char:	100501804	
2018/01/12	17:23:55	Trade	Send	Chaos Core	To Char:	100501804	
2018/01/12	17:23:55	Trade	Send	Chaos Core	To Char:	100501804	
2018/01/12	17:23:55	Trade	Send	Chaos Core	To Char:	100501804	
2018/01/12	17:23:55	Trade	Send	Chaos Core	To Char:	100501804	
2018/01/12	17:23:55	Trade	Send	Chaos Core	To Char:	100501804	
2018/01/12	17:23:55	Trade	Send	Chaos Core	To Char:	100501804	
2018/01/12	17:23:55	Trade	Send	Chaos Core	To Char:	100501804	
2018/01/12	17:23:55	Trade	Send	Chaos Core	To Char:	100501804	
2018/01/12	17:23:55	Trade	Send	Chaos Core	To Char:	100501804	
2018/01/12	17:23:55	Trade	Send	Chaos Core	To Char:	100501804	
2018/01/12	17:23:55	Trade	Send	Chaos Core	To Char:	100501804	
2018/01/12	17:23:55	Trade	Send	Chaos Core	To Char:	100501804	
2018/01/12	17:23:55	Trade	Send	Chaos Core	To Char:	100501804	
2018/01/12	17:23:55	Trade	Send	Chaos Core	To Char:	100501804	
2018/01/12	17:23:55	Trade	Send	Chaos Core	To Char:	100501804	
2018/01/12	17:23:55	Trade	Send	Chaos Core	To Char:	100501804	
2018/01/12	17:23:55	Trade	Send	Chaos Core	To Char:	100501804	
2018/01/12	17:23:55	Trade	Send	Chaos Core	To Char:	100501804	
2018/01/12	17:24:09	Trade	Send	Chaos Core	To Char:	100501804	
2018/01/12	17:24:09	Trade	Send	Chaos Core	To Char:	100501804	
2018/01/12	17:24:09	Trade	Send	Chaos Core	To Char:	100501804	
2018/01/12	17:24:09	Trade	Send	Chaos Core	To Char:	100501804	
2018/01/12	17:24:09	Trade	Send	Chaos Core	To Char:	100501804	
2018/01/12	17:24:09	Trade	Send	Chaos Core	To Char:	100501804	
2018/01/12	17:24:09	Trade	Send	Chaos Core	To Char:	100501804	
2018/01/12	17:24:09	Trade	Send	Chaos Core	To Char:	100501804	
2018/01/12	17:24:09	Trade	Send	Chaos Core	To Char:	100501804	
2018/01/12	17:24:09	Trade	Send	Chaos Core	To Char:	100501804	
2018/01/12	17:24:09	Trade	Send	Chaos Core	To Char:	100501804	
2018/01/12	17:24:09	Trade	Send	Chaos Core	To Char:	100501804	
2018/01/12	17:24:09	Trade	Send	Chaos Core	To Char:	100501804	
2018/01/12	17:24:09	Trade	Send	Chaos Core	To Char:	100501804	
2018/01/12	17:24:09	Trade	Send	Chaos Core	To Char:	100501804	
2018/01/12	17:24:09	Trade	Send	Chaos Core	To Char:	100501804	
2018/01/12	17:24:09	Trade	Send	Chaos Core	To Char:	100501804	
2018/01/12	17:24:09	Trade	Send	Chaos Core	To Char:	100501804	
2018/01/12	17:24:09	Trade	Send	Chaos Core	To Char:	100501804	
2018/01/12	17:24:09	Trade	Send	Chaos Core	To Char:	100501804	
2018/01/12	17:24:09	Trade	Send	Chaos Core	To Char:	100501804	
2018/01/12	17:24:09	Trade	Send	Chaos Core	To Char:	100501804	
2018/01/12	17:24:09	Trade	Send	Chaos Core	To Char:	100501804	
2018/01/12	17:24:09	Trade	Send	Chaos Core	To Char:	100501804	
2018/01/12	17:24:09	Trade	Send	Chaos Core	To Char:	100501804	
2018/01/12	17:24:09	Trade	Send	Chaos Core	To Char:	100501804	
2018/01/12	17:34:35	Trade	Receive	Piece of Prideus' Bracelet	From Char:	100501800	
2018/01/12	17:36:20	Trade	Send	Critical Ring +2	To Char:	100501800	
2018/01/12	17:36:20	Trade	Send	Chaos Core	To Char:	100501800	
2018/01/12	17:36:20	Trade	Send	Chaos Core	To Char:	100501800	
2018/01/12	17:36:20	Trade	Send	Chaos Core	To Char:	100501800	
2018/01/12	17:36:20	Trade	Send	Chaos Core	To Char:	100501800	
2018/01/12	17:36:20	Trade	Send	Chaos Core	To Char:	100501800	
2018/01/12	17:36:20	Trade	Send	28002627	To Char:	100501800	
2018/01/12	17:36:32	Trade	Send	Piece of Prideus' Bracelet	To Char:	100501800	
2018/01/12	17:40:58	Trade	Receive	Extreme Core (Lv. 8)	From Char:	100501800	
2018/01/12	17:40:58	Trade	Receive	Extreme Core (Lv. 8)	From Char:	100501800	
2018/01/12	17:40:58	Trade	Receive	Extreme Core (Lv. 8)	From Char:	100501800	
2018/01/12	17:40:58	Trade	Receive	Extreme Core (Lv. 8)	From Char:	100501800	
2018/01/12	17:40:58	Trade	Receive	Extreme Core (Lv. 8)	From Char:	100501800	
2018/01/12	17:40:58	Trade	Receive	Extreme Core (Lv. 9)	From Char:	100501800	
2018/01/12	17:40:58	Trade	Receive	Extreme Core (Lv. 9)	From Char:	100501800	
2018/01/12	13:31:26	Trade	Send	28000000000	To Char:	109087480	
2018/01/12	14:59:53	Trade	Send	Astral Bike Card - PW5 of Penetration +17 (Perm. Dark Red),Extreme Upgrade (4 / 5)	To Char:	92548952	
2018/01/12	15:01:06	Trade	Receive	Astral Bike Card - PW5 of Penetration +17 (Perm. Dark Red),Extreme Upgrade (4 / 5)	From Char:	92548952	
2018/01/12	15:15:13	Trade	Receive	SIGMetal Gauntlet (WA) of Outrageous +17,Extreme Upgrade (1 / 3),Upgrade Divine Level (0 / 15)	From Char:	81755009	
2018/01/12	15:15:13	Trade	Send	Carnelian +11	To Char:	81755009	
2018/01/12	15:15:35	Trade	Receive	Carnelian +11	From Char:	81755009	
2018/01/12	15:15:35	Trade	Receive	300000000	From Char:	81755009	
2018/01/12	15:15:35	Trade	Send	SIGMetal Gauntlet (WA) of Outrageous +17,Extreme Upgrade (1 / 3),Upgrade Divine Level (6 / 15)	To Char:	81755009	

Warehouse
2018/01/11	16:44:45	Warehouse	+/-	-16000000000	
2018/01/11	16:44:48	Warehouse	+/-	28725458197	
2018/01/11	16:44:54	Warehouse	+/-	-500000000	
2018/01/11	16:50:50	Warehouse	+/-	-28225458197	
2018/01/12	17:05:12	Warehouse	+/-	-27997627	
2018/01/12	16:42:00	Warehouse	+/-	27997987	

Mail
2018/01/11	16:46:57	Mail	Send	Archridium Epaulet of Sage	To Char:	90840880	
2018/01/11	16:47:08	Mail	Send	Palladium Boots(FA) of Outrageous +18,Extreme Upgrade (2 / 6),Upgrade Divine Level (4 / 15)	To Char:	90840880	
2018/01/11	16:47:14	Mail	Send	Minesta's Chaos Sage Belt +12	To Char:	90840880	
2018/01/11	16:47:18	Mail	Receive	2	From Char:	499970002	
2018/01/11	16:47:20	Mail	Receive	2	From Char:	499970004	
2018/01/11	16:47:31	Mail	Send	Vampiric Earring +9	To Char:	90840880	
2018/01/11	16:47:59	Mail	Send	Astral Bikecard - Type: RW3 of Resistance +15 (Blue),Extreme Upgrade (0 / 3)	To Char:	90840880	
2018/01/11	16:50:33	Mail	Send	Palladium Headgear(FA) of Annihilation +17 (Expand),(Accounts Belonging),(Sealed),Extreme Upgrade (3 / 6),Upgrade Divine Level (4 / 15)	To Char:	90840880	
2018/01/11	16:50:44	Mail	Send	Astral Bike Card - PW5 of Penetration +17 (Perm. Dark Red),Extreme Upgrade (4 / 5)	To Char:	90840880	
2018/01/11	16:51:08	Mail	Send	28725378201	To Char:	0	
2018/01/11	19:39:20	Mail	Receive	28725298201	From Char:	28725298201	
2018/01/11	19:39:24	Mail	Receive	Vampiric Earring +9	From Char:	90840880	
2018/01/11	19:39:29	Mail	Receive	Palladium Boots(FA) of Outrageous +18,Extreme Upgrade (2 / 6),Upgrade Divine Level (4 / 15)	From Char:	90840880	
2018/01/11	19:39:31	Mail	Receive	Astral Bike Card - PW5 of Penetration +17 (Perm. Dark Red),Extreme Upgrade (4 / 5)	From Char:	90840880	
2018/01/11	19:39:32	Mail	Receive	Astral Bikecard - Type: RW3 of Resistance +15 (Blue),Extreme Upgrade (0 / 3)	From Char:	90840880	
2018/01/11	19:39:33	Mail	Receive	Archridium Epaulet of Sage	From Char:	90840880	
2018/01/11	19:39:34	Mail	Receive	Minesta's Chaos Sage Belt +12	From Char:	90840880	
2018/01/11	19:39:39	Mail	Receive	Palladium Headgear(FA) of Annihilation +17 (Expand),(Accounts Belonging),(Sealed),Extreme Upgrade (3 / 6),Upgrade Divine Level (4 / 15)	From Char:	90840880	
2018/01/12	18:00:18	Mail	Receive	Palladium Shoes(BL) of Outrageous +16,Extreme Upgrade (1 / 6),Upgrade Divine Level (10 / 15)	From Char:	103873848	
2018/01/12	18:01:30	Mail	Receive	150000000	From Char:	150000000	
2018/01/12	18:09:55	Mail	Receive	100000000	From Char:	108200000	
2018/01/12	18:13:40	Mail	Receive	100000000	From Char:	107920000	
2018/01/12	18:15:04	Mail	Send	Palladium Shoes(BL) of Outrageous +16,Extreme Upgrade (0 / 6),Upgrade Divine Level (10 / 15)	To Char:	103873848	
2018/01/12	18:31:32	Mail	Send	CABAL Gift Voucher (Bronze)	To Char:	103873848	
2018/01/12	18:31:42	Mail	Send	CABAL Gift Voucher (Bronze)	To Char:	103873848	
2018/01/12	18:31:51	Mail	Send	CABAL Gift Voucher (Bronze)	To Char:	103873848	
2018/01/12	18:31:58	Mail	Send	CABAL Gift Voucher (Bronze)	To Char:	103873848	
2018/01/12	18:33:20	Mail	Receive	Palladium Shoes(BL) of Outrageous +16,Extreme Upgrade (0 / 6),Upgrade Divine Level (10 / 15)	From Char:	103873848	
2018/01/12	18:33:53	Mail	Send	Palladium Shoes(BL) of Outrageous +16,Extreme Upgrade (1 / 6),Upgrade Divine Level (10 / 15)	To Char:	103873848	
2018/01/12	18:34:01	Mail	Send	Extreme Core (Lv. 8)	To Char:	103873848	
2018/01/12	18:34:15	Mail	Send	37838000	To Char:	0	
2018/01/12	10:38:04	Mail	Receive	1000000	From Char:	28207979254	
2018/01/12	10:38:10	Mail	Send	1000000	To Char:	28206969254	

NPC Sell
2018/01/11	22:42:31	NPC Sell	Sell	Bike Epic Converter (Highest) - All Attack			Price:	0	
2018/01/12	16:28:37	NPC Sell	Sell	Aqua Orb +6			Price:	30888	
2018/01/12	16:28:38	NPC Sell	Sell	Aqua Orb +4			Price:	9000	
2018/01/12	16:28:40	NPC Sell	Sell	Ruined Train Card			Price:	0	
2018/01/12	16:28:40	NPC Sell	Sell	Ruined Train Card			Price:	0	
2018/01/12	16:28:40	NPC Sell	Sell	Ruined Train Card			Price:	0	
2018/01/12	16:28:40	NPC Sell	Sell	Ruined Train Card			Price:	0	
2018/01/12	16:30:38	NPC Sell	Sell	Ice Stone,(Character Attribution)			Price:	16000000	
2018/01/12	16:30:39	NPC Sell	Sell	Earth Stone,(Character Attribution)			Price:	4000000	
2018/01/12	16:30:39	NPC Sell	Sell	Wind Stone,(Character Attribution)			Price:	2000000	
2018/01/12	16:30:40	NPC Sell	Sell	Fire Stone,(Character Attribution)			Price:	7000000	
2018/01/12	17:35:51	NPC Sell	Sell	Siena's Bracelet,(Character Attribution)			Price:	0	
2018/01/12	17:35:51	NPC Sell	Sell	Siena's Bracelet,(Character Attribution)			Price:	0	
2018/01/12	17:35:51	NPC Sell	Sell	Siena's Bracelet,(Character Attribution)			Price:	0	
2018/01/12	17:35:52	NPC Sell	Sell	Siena's Bracelet,(Character Attribution)			Price:	0	
2018/01/12	17:35:52	NPC Sell	Sell	Siena's Bracelet,(Character Attribution)			Price:	0	
2018/01/12	17:35:53	NPC Sell	Sell	Siena's Bracelet,(Character Attribution)			Price:	0	
2018/01/12	17:35:53	NPC Sell	Sell	Siena's Bracelet,(Character Attribution)			Price:	0	
2018/01/12	16:59:51	NPC Sell	Sell	Carnelian +6,(Accounts Belonging)			Price:	10000	
2018/01/12	16:59:52	NPC Sell	Sell	Carnelian +4,(Accounts Belonging)			Price:	10000	
2018/01/12	16:59:52	NPC Sell	Sell	Carnelian +4,(Accounts Belonging)			Price:	10000	
2018/01/12	16:59:52	NPC Sell	Sell	Carnelian +4,(Accounts Belonging)			Price:	10000	
2018/01/12	16:59:54	NPC Sell	Sell	Carnelian,(Accounts Belonging)			Price:	10000	
2018/01/12	16:59:54	NPC Sell	Sell	Carnelian,(Accounts Belonging)			Price:	10000	
2018/01/12	16:59:57	NPC Sell	Sell	Carnelian +8,(Accounts Belonging)			Price:	10000	
2018/01/12	16:59:59	NPC Sell	Sell	Arcana of Laws,(Accounts Belonging)			Price:	10000	
2018/01/12	17:00:01	NPC Sell	Sell	Arcana of Laws +2,(Accounts Belonging)			Price:	10000	
2018/01/12	17:00:01	NPC Sell	Sell	Arcana of Laws +2,(Accounts Belonging)			Price:	10000	
2018/01/12	17:00:04	NPC Sell	Sell	Machinery Head			Price:	0	
2018/01/12	16:39:53	NPC Sell	Sell	Mirror of Observation (Bronze),(Accounts Belonging)			Price:	0	
2018/01/12	16:39:53	NPC Sell	Sell	Mirror of Observation (Bronze),(Accounts Belonging)			Price:	0	
2018/01/12	16:39:53	NPC Sell	Sell	Mirror of Observation (Bronze),(Accounts Belonging)			Price:	0	
2018/01/12	16:39:53	NPC Sell	Sell	Mirror of Observation (Bronze),(Accounts Belonging)			Price:	0	
2018/01/12	16:39:53	NPC Sell	Sell	Mirror of Observation (Bronze),(Accounts Belonging)			Price:	0	
2018/01/12	16:39:53	NPC Sell	Sell	Mirror of Observation (Bronze),(Accounts Belonging)			Price:	0	
2018/01/12	16:39:53	NPC Sell	Sell	Mirror of Observation (Bronze),(Accounts Belonging)			Price:	0	
2018/01/12	16:39:53	NPC Sell	Sell	Mirror of Observation (Bronze),(Accounts Belonging)			Price:	0	
2018/01/12	16:39:53	NPC Sell	Sell	Mirror of Observation (Bronze),(Accounts Belonging)			Price:	0	
2018/01/12	16:39:58	NPC Sell	Sell	Arcana of Laws +2,(Accounts Belonging)			Price:	10000	
2018/01/12	16:39:58	NPC Sell	Sell	Arcana of Laws +2,(Accounts Belonging)			Price:	10000	
2018/01/12	16:39:58	NPC Sell	Sell	Arcana of Laws +2,(Accounts Belonging)			Price:	10000	
2018/01/12	16:39:59	NPC Sell	Sell	Arcana of Laws,(Accounts Belonging)			Price:	10000	
2018/01/12	16:39:59	NPC Sell	Sell	Arcana of Laws,(Accounts Belonging)			Price:	10000	
2018/01/12	16:39:59	NPC Sell	Sell	Arcana of Laws,(Accounts Belonging)			Price:	10000	
2018/01/12	16:39:59	NPC Sell	Sell	Arcana of Laws,(Accounts Belonging)			Price:	10000	
2018/01/12	16:39:59	NPC Sell	Sell	Arcana of Laws,(Accounts Belonging)			Price:	10000	
2018/01/12	16:39:59	NPC Sell	Sell	Arcana of Laws,(Accounts Belonging)			Price:	10000	
2018/01/12	16:39:59	NPC Sell	Sell	Arcana of Laws,(Accounts Belonging)			Price:	10000	
2018/01/12	16:40:01	NPC Sell	Sell	Carnelian,(Accounts Belonging)			Price:	10000	
2018/01/12	16:40:01	NPC Sell	Sell	Carnelian,(Accounts Belonging)			Price:	10000	
2018/01/12	16:40:01	NPC Sell	Sell	Carnelian,(Accounts Belonging)			Price:	10000	
2018/01/12	16:40:01	NPC Sell	Sell	Carnelian,(Accounts Belonging)			Price:	10000	
2018/01/12	16:40:01	NPC Sell	Sell	Carnelian,(Accounts Belonging)			Price:	10000	
2018/01/12	16:40:03	NPC Sell	Sell	Mirror of Observation (Silver),(Accounts Belonging)			Price:	0	
2018/01/12	16:40:03	NPC Sell	Sell	Mirror of Observation (Silver),(Accounts Belonging)			Price:	0	
2018/01/12	16:40:03	NPC Sell	Sell	Mirror of Observation (Silver),(Accounts Belonging)			Price:	0	
2018/01/12	16:40:08	NPC Sell	Sell	Bronze Repair Kit,(Accounts Belonging)			Price:	10000	
2018/01/12	16:40:08	NPC Sell	Sell	Bronze Repair Kit,(Accounts Belonging)			Price:	10000	
2018/01/12	16:40:13	NPC Sell	Sell	Divine Seal Stone:High Suit (4/15),(Accounts Belonging)			Price:	0	
2018/01/12	16:38:35	NPC Sell	Sell	Carnelian +6,(Accounts Belonging)			Price:	10000	
2018/01/12	16:38:35	NPC Sell	Sell	Carnelian +6,(Accounts Belonging)			Price:	10000	
2018/01/12	16:38:35	NPC Sell	Sell	Carnelian +6,(Accounts Belonging)			Price:	10000	
2018/01/12	16:38:35	NPC Sell	Sell	Carnelian +6,(Accounts Belonging)			Price:	10000	
2018/01/12	16:38:35	NPC Sell	Sell	Carnelian +6,(Accounts Belonging)			Price:	10000	
2018/01/12	16:38:37	NPC Sell	Sell	Carnelian +2,(Accounts Belonging)			Price:	10000	
2018/01/12	16:38:37	NPC Sell	Sell	Carnelian +2,(Accounts Belonging)			Price:	10000	
2018/01/12	16:38:37	NPC Sell	Sell	Carnelian +2,(Accounts Belonging)			Price:	10000	
2018/01/12	16:38:37	NPC Sell	Sell	Carnelian +2,(Accounts Belonging)			Price:	10000	
2018/01/12	16:38:37	NPC Sell	Sell	Carnelian +2,(Accounts Belonging)			Price:	10000	
2018/01/12	16:38:39	NPC Sell	Sell	Epaulet of the Dead (B2F) Part1			Price:	0	
2018/01/12	16:38:39	NPC Sell	Sell	Epaulet of the Dead (B2F) Part1			Price:	0	
2018/01/12	16:38:39	NPC Sell	Sell	Epaulet of the Dead (B2F) Part1			Price:	0	
2018/01/12	16:38:40	NPC Sell	Sell	Arcana of Laws +2,(Accounts Belonging)			Price:	10000	
2018/01/12	16:38:40	NPC Sell	Sell	Arcana of Laws +2,(Accounts Belonging)			Price:	10000	
2018/01/12	16:38:40	NPC Sell	Sell	Arcana of Laws +2,(Accounts Belonging)			Price:	10000	
2018/01/12	16:38:40	NPC Sell	Sell	Arcana of Laws +2,(Accounts Belonging)			Price:	10000	
2018/01/12	16:38:45	NPC Sell	Sell	Carnelian +4,(Accounts Belonging)			Price:	10000	
2018/01/12	16:38:45	NPC Sell	Sell	Carnelian +4,(Accounts Belonging)			Price:	10000	
2018/01/12	16:38:45	NPC Sell	Sell	Carnelian +4,(Accounts Belonging)			Price:	10000	
2018/01/12	16:38:45	NPC Sell	Sell	Carnelian +4,(Accounts Belonging)			Price:	10000	
2018/01/12	16:38:45	NPC Sell	Sell	Carnelian +4,(Accounts Belonging)			Price:	10000	
2018/01/12	16:38:45	NPC Sell	Sell	Carnelian +4,(Accounts Belonging)			Price:	10000	
2018/01/12	16:38:45	NPC Sell	Sell	Carnelian +4,(Accounts Belonging)			Price:	10000	
2018/01/12	16:38:45	NPC Sell	Sell	Carnelian +4,(Accounts Belonging)			Price:	10000	
2018/01/12	16:38:45	NPC Sell	Sell	Carnelian +4,(Accounts Belonging)			Price:	10000	
2018/01/12	16:38:45	NPC Sell	Sell	Carnelian +4,(Accounts Belonging)			Price:	10000	
2018/01/12	16:38:45	NPC Sell	Sell	Carnelian +4,(Accounts Belonging)			Price:	10000	
2018/01/12	16:38:45	NPC Sell	Sell	Carnelian +4,(Accounts Belonging)			Price:	10000	
2018/01/12	16:38:45	NPC Sell	Sell	Carnelian +4,(Accounts Belonging)			Price:	10000	
2018/01/12	16:38:45	NPC Sell	Sell	Carnelian +4,(Accounts Belonging)			Price:	10000	
2018/01/12	16:38:45	NPC Sell	Sell	Carnelian +4,(Accounts Belonging)			Price:	10000	
2018/01/12	16:38:45	NPC Sell	Sell	Carnelian +4,(Accounts Belonging)			Price:	10000	
2018/01/12	16:38:45	NPC Sell	Sell	Carnelian +4,(Accounts Belonging)			Price:	10000	
2018/01/12	16:38:45	NPC Sell	Sell	Carnelian +4,(Accounts Belonging)			Price:	10000	
2018/01/12	16:38:45	NPC Sell	Sell	Carnelian +4,(Accounts Belonging)			Price:	10000	
2018/01/12	16:38:45	NPC Sell	Sell	Carnelian +4,(Accounts Belonging)			Price:	10000	
2018/01/12	16:38:45	NPC Sell	Sell	Carnelian +4,(Accounts Belonging)			Price:	10000	
2018/01/12	16:38:45	NPC Sell	Sell	Carnelian +4,(Accounts Belonging)			Price:	10000	
2018/01/12	16:38:45	NPC Sell	Sell	Carnelian +4,(Accounts Belonging)			Price:	10000	
2018/01/12	16:38:45	NPC Sell	Sell	Carnelian +4,(Accounts Belonging)			Price:	10000	
2018/01/12	16:38:51	NPC Sell	Sell	Epaulet of the Dead B3F (Part2),(Accounts Belonging)			Price:	0	
2018/01/12	16:38:58	NPC Sell	Sell	Arcana of Laws +4,(Accounts Belonging)			Price:	10000	
2018/01/12	16:38:58	NPC Sell	Sell	Arcana of Laws +4,(Accounts Belonging)			Price:	10000	
2018/01/12	16:38:58	NPC Sell	Sell	Arcana of Laws +4,(Accounts Belonging)			Price:	10000	
2018/01/12	16:38:58	NPC Sell	Sell	Arcana of Laws +4,(Accounts Belonging)			Price:	10000	

Drop
2018/01/12	16:40:48	Drop	Dropped	Weapon Option Scroll (Medium)-Magic Attack	Map:	Bloody Ice	

